Using cuda device
Creating environment from the given name 'AssembleRL-ivar-partial_th-v0'
Wrapping the env with a `Monitor` wrapper
Wrapping the env in a DummyVecEnv.
Start Training!
Eval num_timesteps=1000, episode_reward=-14.00 +/- 0.00
Episode length: 10.00 +/- 0.00
---------------------------------
| eval/              |          |
|    mean_ep_length  | 10       |
|    mean_reward     | -14      |
| time/              |          |
|    total_timesteps | 1000     |
---------------------------------
New best mean reward!
Eval num_timesteps=2000, episode_reward=-14.00 +/- 0.00
Episode length: 10.00 +/- 0.00
---------------------------------
| eval/              |          |
|    mean_ep_length  | 10       |
|    mean_reward     | -14      |
| time/              |          |
|    total_timesteps | 2000     |
---------------------------------
---------------------------------
| rollout/           |          |
|    ep_len_mean     | 1.68     |
|    ep_rew_mean     | -11.9    |
| time/              |          |
|    fps             | 6        |
|    iterations      | 1        |
|    time_elapsed    | 338      |
|    total_timesteps | 2048     |
---------------------------------
